Start testing: Mar 18 21:04 EDT
----------------------------------------------------------
1/4 Testing: tst_schemainspector
1/4 Test: tst_schemainspector
Command: "/home/paulmckinney/Documents/SqliteSyncPro/build/tests/tst_schemainspector"
Directory: /home/paulmckinney/Documents/SqliteSyncPro/build/tests
"tst_schemainspector" start time: Mar 18 21:04 EDT
Output:
----------------------------------------------------------
********* Start testing of tst_SchemaInspector *********
Config: Using QtTest library 6.10.2, Qt 6.10.2 (x86_64-little_endian-lp64 shared (dynamic) release build; by GCC 15.2.1 20260123 (Red Hat 15.2.1-7)), fedora 43
PASS   : tst_SchemaInspector::initTestCase()
PASS   : tst_SchemaInspector::test_getColumns_returnsAllColumns()
PASS   : tst_SchemaInspector::test_getColumns_typesAreUppercased()
PASS   : tst_SchemaInspector::test_hasRequiredColumns_allPresent()
PASS   : tst_SchemaInspector::test_hasRequiredColumns_missingSync()
PASS   : tst_SchemaInspector::test_hasRequiredColumns_missingMultiple()
PASS   : tst_SchemaInspector::test_recordToJson_serializesTypes()
PASS   : tst_SchemaInspector::test_recordToJson_excludeColumns()
PASS   : tst_SchemaInspector::test_jsonValueToVariant_integer()
PASS   : tst_SchemaInspector::test_jsonValueToVariant_real()
PASS   : tst_SchemaInspector::test_jsonValueToVariant_text()
PASS   : tst_SchemaInspector::test_jsonValueToVariant_null()
QWARN  : tst_SchemaInspector::cleanupTestCase() qt.sql.qsqldatabase: QSqlDatabasePrivate::removeDatabase: connection 'tst_schema' is still in use, all queries will cease to work.
PASS   : tst_SchemaInspector::cleanupTestCase()
Totals: 13 passed, 0 failed, 0 skipped, 0 blacklisted, 9ms
********* Finished testing of tst_SchemaInspector *********
<end of output>
Test time =   0.34 sec
----------------------------------------------------------
Test Passed.
"tst_schemainspector" end time: Mar 18 21:04 EDT
"tst_schemainspector" time elapsed: 00:00:00
----------------------------------------------------------

2/4 Testing: tst_authmanager
2/4 Test: tst_authmanager
Command: "/home/paulmckinney/Documents/SqliteSyncPro/build/tests/tst_authmanager"
Directory: /home/paulmckinney/Documents/SqliteSyncPro/build/tests
"tst_authmanager" start time: Mar 18 21:04 EDT
Output:
----------------------------------------------------------
********* Start testing of tst_AuthManager *********
Config: Using QtTest library 6.10.2, Qt 6.10.2 (x86_64-little_endian-lp64 shared (dynamic) release build; by GCC 15.2.1 20260123 (Red Hat 15.2.1-7)), fedora 43
PASS   : tst_AuthManager::initTestCase()
PASS   : tst_AuthManager::test_login_success_selfHosted()
PASS   : tst_AuthManager::test_login_supabaseResponseFormat()
QWARN  : tst_AuthManager::test_login_serverError() [AuthManager::login] "HTTP 401: "
PASS   : tst_AuthManager::test_login_serverError()
QWARN  : tst_AuthManager::test_login_missingTokenInResponse() [AuthManager::login] "Auth response missing token field ('access_token' or 'token')"
PASS   : tst_AuthManager::test_login_missingTokenInResponse()
PASS   : tst_AuthManager::test_setToken_valid()
PASS   : tst_AuthManager::test_setToken_emptyString()
PASS   : tst_AuthManager::test_clearToken()
PASS   : tst_AuthManager::test_login_sendsCorrectPayload()
PASS   : tst_AuthManager::cleanupTestCase()
Totals: 10 passed, 0 failed, 0 skipped, 0 blacklisted, 2ms
********* Finished testing of tst_AuthManager *********
<end of output>
Test time =   0.18 sec
----------------------------------------------------------
Test Passed.
"tst_authmanager" end time: Mar 18 21:04 EDT
"tst_authmanager" time elapsed: 00:00:00
----------------------------------------------------------

3/4 Testing: tst_syncengine
3/4 Test: tst_syncengine
Command: "/home/paulmckinney/Documents/SqliteSyncPro/build/tests/tst_syncengine"
Directory: /home/paulmckinney/Documents/SqliteSyncPro/build/tests
"tst_syncengine" start time: Mar 18 21:04 EDT
Output:
----------------------------------------------------------
********* Start testing of tst_SyncEngine *********
Config: Using QtTest library 6.10.2, Qt 6.10.2 (x86_64-little_endian-lp64 shared (dynamic) release build; by GCC 15.2.1 20260123 (Red Hat 15.2.1-7)), fedora 43
PASS   : tst_SyncEngine::initTestCase()
PASS   : tst_SyncEngine::test_missingRequiredColumns_returnsError()
PASS   : tst_SyncEngine::test_push_newRecord_postsToSyncData()
PASS   : tst_SyncEngine::test_push_stampsSyncDateAfterSuccess()
QWARN  : tst_SyncEngine::test_push_modifiedRecord_patchesSyncData() Pull: empty JSONROWDATA for ID "patch-uuid"
PASS   : tst_SyncEngine::test_push_modifiedRecord_patchesSyncData()
QWARN  : tst_SyncEngine::test_push_serverNewer_conflict() Pull: empty JSONROWDATA for ID "conf-uuid"
PASS   : tst_SyncEngine::test_push_serverNewer_conflict()
PASS   : tst_SyncEngine::test_pull_newServerRecord_insertsLocally()
PASS   : tst_SyncEngine::test_pull_serverNewer_updatesLocally()
PASS   : tst_SyncEngine::test_pull_queryFiltersByTableName()
PASS   : tst_SyncEngine::test_fullRoundTrip()
QWARN  : tst_SyncEngine::cleanupTestCase() qt.sql.qsqldatabase: QSqlDatabasePrivate::removeDatabase: connection 'tst_engine' is still in use, all queries will cease to work.
PASS   : tst_SyncEngine::cleanupTestCase()
Totals: 11 passed, 0 failed, 0 skipped, 0 blacklisted, 7ms
********* Finished testing of tst_SyncEngine *********
<end of output>
Test time =   0.19 sec
----------------------------------------------------------
Test Passed.
"tst_syncengine" end time: Mar 18 21:04 EDT
"tst_syncengine" time elapsed: 00:00:00
----------------------------------------------------------

4/4 Testing: tst_threading
4/4 Test: tst_threading
Command: "/home/paulmckinney/Documents/SqliteSyncPro/build/tests/tst_threading"
Directory: /home/paulmckinney/Documents/SqliteSyncPro/build/tests
"tst_threading" start time: Mar 18 21:04 EDT
Output:
----------------------------------------------------------
********* Start testing of tst_Threading *********
Config: Using QtTest library 6.10.2, Qt 6.10.2 (x86_64-little_endian-lp64 shared (dynamic) release build; by GCC 15.2.1 20260123 (Red Hat 15.2.1-7)), fedora 43
PASS   : tst_Threading::initTestCase()
QWARN  : tst_Threading::test_synchronizeFromWorkerThread() qt.sql.qsqldatabase: QSqlDatabasePrivate::removeDatabase: connection 'SqliteSyncPro_sync_b4e20e21-640b-4007-a73a-1b3df244c512' is still in use, all queries will cease to work.
PASS   : tst_Threading::test_synchronizeFromWorkerThread()
QWARN  : tst_Threading::test_concurrentSynchronizeCalls() qt.sql.qsqldatabase: QSqlDatabasePrivate::removeDatabase: connection 'SqliteSyncPro_sync_28cbdd84-4bee-48fe-8442-db85f095fe9c' is still in use, all queries will cease to work.
QWARN  : tst_Threading::test_concurrentSynchronizeCalls() qt.sql.qsqldatabase: QSqlDatabasePrivate::removeDatabase: connection 'SqliteSyncPro_sync_4e808599-88ef-4d0f-97f6-9e8b8899ab70' is still in use, all queries will cease to work.
PASS   : tst_Threading::test_concurrentSynchronizeCalls()
QWARN  : tst_Threading::test_synchronizeAsync_emitsCompleted() qt.sql.qsqldatabase: QSqlDatabasePrivate::removeDatabase: connection 'SqliteSyncPro_worker_d0a044d0-692f-41fb-ab59-185955548a6f' is still in use, all queries will cease to work.
PASS   : tst_Threading::test_synchronizeAsync_emitsCompleted()
PASS   : tst_Threading::test_walModeEnabled()
PASS   : tst_Threading::test_sharedLock_readWriteCoordination()
PASS   : tst_Threading::test_setDatabaseLock_replacesInternalLock()
QWARN  : tst_Threading::test_appReadLock_blocksSync() qt.sql.qsqldatabase: QSqlDatabasePrivate::removeDatabase: connection 'SqliteSyncPro_worker_6235fef9-7ffe-4992-a956-1e41a8fd7a36' is still in use, all queries will cease to work.
PASS   : tst_Threading::test_appReadLock_blocksSync()
PASS   : tst_Threading::test_concurrentConfigAndSync()
PASS   : tst_Threading::cleanupTestCase()
Totals: 10 passed, 0 failed, 0 skipped, 0 blacklisted, 200ms
********* Finished testing of tst_Threading *********
<end of output>
Test time =   0.38 sec
----------------------------------------------------------
Test Passed.
"tst_threading" end time: Mar 18 21:04 EDT
"tst_threading" time elapsed: 00:00:00
----------------------------------------------------------

End testing: Mar 18 21:04 EDT
